<?xml version="1.0" encoding="UTF-8"?>
<!-- Generated by org.testng.reporters.JUnitXMLReporter -->
<testsuite ignored="1" hostname="DESKTOP-I3MI7VO" failures="0" tests="1" name="Default test" time="17.406" errors="0" timestamp="2025-09-10T01:56:58 IST">
  <testcase classname="com.Mystore.testcases.TC_1_Register_User" name="loginUser" time="8.013"/>
  <testcase classname="com.Mystore.testcases.TC_1_Register_User" name="verifyregistration" time="0.0">
    <ignored/>
  </testcase> <!-- verifyregistration -->
</testsuite> <!-- Default test -->
