<?xml version="1.0" encoding="UTF-8"?>
<testng-results ignored="0" total="1" passed="1" failed="0" skipped="0">
  <reporter-output>
  </reporter-output>
  <suite started-at="2025-09-19T20:28:37 IST" name="Suite" finished-at="2025-09-19T20:29:23 IST" duration-ms="45192">
    <groups>
    </groups>
    <test started-at="2025-09-19T20:28:37 IST" name="Test" finished-at="2025-09-19T20:29:23 IST" duration-ms="45192">
      <class name="com.Mystore.testcases.TC_2_Add_Product_in_Cart">
        <test-method is-config="true" signature="setup()[pri:0, instance:com.Mystore.testcases.TC_2_Add_Product_in_Cart@7ce69770]" started-at="2025-09-19T20:28:38 IST" name="setup" finished-at="2025-09-19T20:28:52 IST" duration-ms="14213" status="PASS">
          <reporter-output>
          </reporter-output>
        </test-method> <!-- setup -->
        <test-method signature="Add_Product_in_Cart()[pri:0, instance:com.Mystore.testcases.TC_2_Add_Product_in_Cart@7ce69770]" started-at="2025-09-19T20:28:52 IST" name="Add_Product_in_Cart" finished-at="2025-09-19T20:29:22 IST" duration-ms="29876" status="PASS">
          <reporter-output>
          </reporter-output>
        </test-method> <!-- Add_Product_in_Cart -->
        <test-method is-config="true" signature="timeend()[pri:0, instance:com.Mystore.testcases.TC_2_Add_Product_in_Cart@7ce69770]" started-at="2025-09-19T20:29:22 IST" name="timeend" finished-at="2025-09-19T20:29:23 IST" duration-ms="413" status="PASS">
          <reporter-output>
          </reporter-output>
        </test-method> <!-- timeend -->
      </class> <!-- com.Mystore.testcases.TC_2_Add_Product_in_Cart -->
    </test> <!-- Test -->
  </suite> <!-- Suite -->
</testng-results>
